[debug] ----------------------------------------------------------------------
[debug] Command:      C:\Program Files\nodejs\node.exe C:\Users\Dineportable\AppData\Roaming\npm\node_modules\firebase-tools\bin\firebase serve
[debug] CLI Version:  3.4.0
[debug] Platform:     win32
[debug] Node Version: v6.9.5
[debug] Time:         Sun Apr 09 2017 02:26:17 GMT+0200 (Paris, Madrid (heure d’été))
[debug] ----------------------------------------------------------------------
[debug] 
[info] Starting Firebase development server...
[info] 
[info] Project Directory: C:\veda-campus
[info] Public Directory: public
[info] 
[info] Server listening at: http://localhost:5000
[debug] ----------------------------------------------------------------------
[debug] Command:      C:\Program Files\nodejs\node.exe C:\Users\Dineportable\AppData\Roaming\npm\node_modules\firebase-tools\bin\firebase serve
[debug] CLI Version:  3.4.0
[debug] Platform:     win32
[debug] Node Version: v6.9.5
[debug] Time:         Sun Apr 09 2017 02:28:24 GMT+0200 (Paris, Madrid (heure d’été))
[debug] ----------------------------------------------------------------------
[debug] 
[info] Starting Firebase development server...
[info] 
[info] Project Directory: C:\veda-campus
[info] 
[info] Server listening at: http://localhost:5000
